Configuration ([34mmodified[0m, [32madded[0m, [31mtypechanged[0m, [2mdoc[0m):
  aux_loss = True
  backbone = 'resnet50'
  batch_size = 2
  bbox_format = 'xyxy'
  bbox_loss_coef = 5.0
  clip_max_norm = 0.1
[34m  cls_loss_coef = 2.0[0m
  coco_and_crowdhuman_prev_frame_rnd_augs = 0.2
  coco_min_num_objects = 0
  coco_panoptic_path = None
  coco_path = 'data/coco_2017'
  coco_person_train_split = None
  crowdhuman_path = 'data/CrowdHuman'
  crowdhuman_train_split = None
[34m  dataset = 'mot'[0m
  debug = False
  dec_layers = 6
  dec_n_points = 4
[34m  deformable = True[0m
  device = 'cuda'
  dice_loss_coef = 1.0
  dilation = False
[34m  dim_feedforward = 1024[0m
  dist_url = 'env://'
  dropout = 0.1
  enc_layers = 6
  enc_n_points = 4
  eos_coef = 0.1
  epochs = 50
  eval_only = False
  eval_train = False
  focal_alpha = 0.25
  focal_gamma = 2
[34m  focal_loss = True[0m
  freeze_detr = False
  giou_loss_coef = 2
[34m  hidden_dim = 288[0m
  load_mask_head_from_model = None
  lr = 0.0002
  lr_backbone = 0.0
  lr_backbone_names = ['backbone.0']
[34m  lr_drop = 10[0m
  lr_linear_proj_mult = 0.1
  lr_linear_proj_names = ['reference_points', 'sampling_offsets']
  lr_track = 0.0001
  mask_loss_coef = 1.0
  masks = False
  merge_frame_features = False
  mot_path_train = 'data/MOT17'
  mot_path_val = 'data/MOT17'
[34m  multi_frame_attention = True[0m
  multi_frame_attention_separate_encoder = True
  multi_frame_encoding = True
  nheads = 8
  no_vis = True
[34m  num_feature_levels = 4[0m
[34m  num_queries = 500[0m
  num_workers = 2
[34m  output_dir = 'models/mot17_deformable_multi_frame'[0m
[34m  overflow_boxes = True[0m
  overwrite_lr_scheduler = False
  overwrite_lrs = False
  pose_embedding_dim = 288
  pose_features = True
  pose_threshold = 0.1
  position_embedding = 'sine'
  pre_norm = False
[34m  resume = 'models/r50_deformable_detr_plus_iterative_bbox_refinement-checkpoint_hidden_dim_288.pth'[0m
  resume_optim = False
  resume_shift_neuron = False
  resume_vis = False
  save_model_interval = 5
  seed = 42
  set_cost_bbox = 5.0
[34m  set_cost_class = 2.0[0m
  set_cost_giou = 2.0
  start_epoch = 1
  track_attention = False
  track_backprop_prev_frame = False
[34m  track_prev_frame_range = 5[0m
  track_prev_frame_rnd_augs = 0.01
  track_prev_prev_frame = False
  track_query_false_negative_prob = 0.4
  track_query_false_positive_eos_weight = True
  track_query_false_positive_prob = 0.1
[34m  tracking = True[0m
  tracking_eval = True
[34m  train_split = 'mot17_train_coco'[0m
  val_interval = 5
[34m  val_split = 'mot17_train_cross_val_frame_0_5_to_1_0_coco'[0m
  vis_and_log_interval = 50
  vis_port = 8090
  vis_server = 'http://localhost:8097'
  weight_decay = 0.0001
  world_size = 4
  img_transform:
    max_size = 1333
    val_width = 800
Configuration ([34mmodified[0m, [32madded[0m, [31mtypechanged[0m, [2mdoc[0m):
  aux_loss = True
  backbone = 'resnet50'
  batch_size = 2
  bbox_format = 'xyxy'
  bbox_loss_coef = 5.0
  clip_max_norm = 0.1
[34m  cls_loss_coef = 2.0[0m
  coco_and_crowdhuman_prev_frame_rnd_augs = 0.2
  coco_min_num_objects = 0
  coco_panoptic_path = None
  coco_path = 'data/coco_2017'
  coco_person_train_split = None
  crowdhuman_path = 'data/CrowdHuman'
  crowdhuman_train_split = None
[34m  dataset = 'mot'[0m
  debug = False
  dec_layers = 6
  dec_n_points = 4
[34m  deformable = True[0m
  device = 'cuda'
  dice_loss_coef = 1.0
  dilation = False
[34m  dim_feedforward = 1024[0m
  dist_url = 'env://'
  dropout = 0.1
  enc_layers = 6
  enc_n_points = 4
  eos_coef = 0.1
  epochs = 50
  eval_only = False
  eval_train = False
  focal_alpha = 0.25
  focal_gamma = 2
[34m  focal_loss = True[0m
  freeze_detr = False
  giou_loss_coef = 2
[34m  hidden_dim = 288[0m
  load_mask_head_from_model = None
  lr = 0.0002
  lr_backbone = 0.0
  lr_backbone_names = ['backbone.0']
[34m  lr_drop = 10[0m
  lr_linear_proj_mult = 0.1
  lr_linear_proj_names = ['reference_points', 'sampling_offsets']
  lr_track = 0.0001
  mask_loss_coef = 1.0
  masks = False
  merge_frame_features = False
  mot_path_train = 'data/MOT17'
  mot_path_val = 'data/MOT17'
[34m  multi_frame_attention = True[0m
  multi_frame_attention_separate_encoder = True
  multi_frame_encoding = True
  nheads = 8
  no_vis = True
[34m  num_feature_levels = 4[0m
[34m  num_queries = 500[0m
  num_workers = 2
[34m  output_dir = 'models/mot17_deformable_multi_frame'[0m
[34m  overflow_boxes = True[0m
  overwrite_lr_scheduler = False
  overwrite_lrs = False
  pose_embedding_dim = 288
  pose_features = True
  pose_threshold = 0.1
  position_embedding = 'sine'
  pre_norm = False
[34m  resume = 'models/r50_deformable_detr_plus_iterative_bbox_refinement-checkpoint_hidden_dim_288.pth'[0m
  resume_optim = False
  resume_shift_neuron = False
  resume_vis = False
  save_model_interval = 5
  seed = 42
  set_cost_bbox = 5.0
[34m  set_cost_class = 2.0[0m
  set_cost_giou = 2.0
  start_epoch = 1
  track_attention = False
  track_backprop_prev_frame = False
[34m  track_prev_frame_range = 5[0m
  track_prev_frame_rnd_augs = 0.01
  track_prev_prev_frame = False
  track_query_false_negative_prob = 0.4
  track_query_false_positive_eos_weight = True
  track_query_false_positive_prob = 0.1
[34m  tracking = True[0m
  tracking_eval = True
[34m  train_split = 'mot17_train_coco'[0m
  val_interval = 5
[34m  val_split = 'mot17_train_cross_val_frame_0_5_to_1_0_coco'[0m
  vis_and_log_interval = 50
  vis_port = 8090
  vis_server = 'http://localhost:8097'
  weight_decay = 0.0001
  world_size = 4
  img_transform:
    max_size = 1333
    val_width = 800
Configuration ([34mmodified[0m, [32madded[0m, [31mtypechanged[0m, [2mdoc[0m):
  aux_loss = True
  backbone = 'resnet50'
  batch_size = 2
  bbox_format = 'xyxy'
  bbox_loss_coef = 5.0
  clip_max_norm = 0.1
[34m  cls_loss_coef = 2.0[0m
  coco_and_crowdhuman_prev_frame_rnd_augs = 0.2
  coco_min_num_objects = 0
  coco_panoptic_path = None
  coco_path = 'data/coco_2017'
  coco_person_train_split = None
  crowdhuman_path = 'data/CrowdHuman'
  crowdhuman_train_split = None
[34m  dataset = 'mot'[0m
  debug = False
  dec_layers = 6
  dec_n_points = 4
[34m  deformable = True[0m
  device = 'cuda'
  dice_loss_coef = 1.0
  dilation = False
[34m  dim_feedforward = 1024[0m
  dist_url = 'env://'
  dropout = 0.1
  enc_layers = 6
  enc_n_points = 4
  eos_coef = 0.1
  epochs = 50
  eval_only = False
  eval_train = False
  focal_alpha = 0.25
  focal_gamma = 2
[34m  focal_loss = True[0m
  freeze_detr = False
  giou_loss_coef = 2
[34m  hidden_dim = 288[0m
  load_mask_head_from_model = None
  lr = 0.0002
  lr_backbone = 0.0
  lr_backbone_names = ['backbone.0']
[34m  lr_drop = 10[0m
  lr_linear_proj_mult = 0.1
  lr_linear_proj_names = ['reference_points', 'sampling_offsets']
  lr_track = 0.0001
  mask_loss_coef = 1.0
  masks = False
  merge_frame_features = False
  mot_path_train = 'data/MOT17'
  mot_path_val = 'data/MOT17'
[34m  multi_frame_attention = True[0m
  multi_frame_attention_separate_encoder = True
  multi_frame_encoding = True
  nheads = 8
  no_vis = True
[34m  num_feature_levels = 4[0m
[34m  num_queries = 500[0m
  num_workers = 2
[34m  output_dir = 'models/mot17_deformable_multi_frame'[0m
[34m  overflow_boxes = True[0m
  overwrite_lr_scheduler = False
  overwrite_lrs = False
  pose_embedding_dim = 288
  pose_features = True
  pose_threshold = 0.1
  position_embedding = 'sine'
  pre_norm = False
[34m  resume = 'models/r50_deformable_detr_plus_iterative_bbox_refinement-checkpoint_hidden_dim_288.pth'[0m
  resume_optim = False
  resume_shift_neuron = False
  resume_vis = False
  save_model_interval = 5
  seed = 42
  set_cost_bbox = 5.0
[34m  set_cost_class = 2.0[0m
  set_cost_giou = 2.0
  start_epoch = 1
  track_attention = False
  track_backprop_prev_frame = False
[34m  track_prev_frame_range = 5[0m
  track_prev_frame_rnd_augs = 0.01
  track_prev_prev_frame = False
  track_query_false_negative_prob = 0.4
  track_query_false_positive_eos_weight = True
  track_query_false_positive_prob = 0.1
[34m  tracking = True[0m
  tracking_eval = True
[34m  train_split = 'mot17_train_coco'[0m
  val_interval = 5
[34m  val_split = 'mot17_train_cross_val_frame_0_5_to_1_0_coco'[0m
  vis_and_log_interval = 50
  vis_port = 8090
  vis_server = 'http://localhost:8097'
  weight_decay = 0.0001
  world_size = 4
  img_transform:
    max_size = 1333
    val_width = 800
Configuration ([34mmodified[0m, [32madded[0m, [31mtypechanged[0m, [2mdoc[0m):
  aux_loss = True
  backbone = 'resnet50'
  batch_size = 2
  bbox_format = 'xyxy'
  bbox_loss_coef = 5.0
  clip_max_norm = 0.1
[34m  cls_loss_coef = 2.0[0m
  coco_and_crowdhuman_prev_frame_rnd_augs = 0.2
  coco_min_num_objects = 0
  coco_panoptic_path = None
  coco_path = 'data/coco_2017'
  coco_person_train_split = None
  crowdhuman_path = 'data/CrowdHuman'
  crowdhuman_train_split = None
[34m  dataset = 'mot'[0m
  debug = False
  dec_layers = 6
  dec_n_points = 4
[34m  deformable = True[0m
  device = 'cuda'
  dice_loss_coef = 1.0
  dilation = False
[34m  dim_feedforward = 1024[0m
  dist_url = 'env://'
  dropout = 0.1
  enc_layers = 6
  enc_n_points = 4
  eos_coef = 0.1
  epochs = 50
  eval_only = False
  eval_train = False
  focal_alpha = 0.25
  focal_gamma = 2
[34m  focal_loss = True[0m
  freeze_detr = False
  giou_loss_coef = 2
[34m  hidden_dim = 288[0m
  load_mask_head_from_model = None
  lr = 0.0002
  lr_backbone = 0.0
  lr_backbone_names = ['backbone.0']
[34m  lr_drop = 10[0m
  lr_linear_proj_mult = 0.1
  lr_linear_proj_names = ['reference_points', 'sampling_offsets']
  lr_track = 0.0001
  mask_loss_coef = 1.0
  masks = False
  merge_frame_features = False
  mot_path_train = 'data/MOT17'
  mot_path_val = 'data/MOT17'
[34m  multi_frame_attention = True[0m
  multi_frame_attention_separate_encoder = True
  multi_frame_encoding = True
  nheads = 8
  no_vis = True
[34m  num_feature_levels = 4[0m
[34m  num_queries = 500[0m
  num_workers = 2
[34m  output_dir = 'models/mot17_deformable_multi_frame'[0m
[34m  overflow_boxes = True[0m
  overwrite_lr_scheduler = False
  overwrite_lrs = False
  pose_embedding_dim = 288
  pose_features = True
  pose_threshold = 0.1
  position_embedding = 'sine'
  pre_norm = False
[34m  resume = 'models/r50_deformable_detr_plus_iterative_bbox_refinement-checkpoint_hidden_dim_288.pth'[0m
  resume_optim = False
  resume_shift_neuron = False
  resume_vis = False
  save_model_interval = 5
  seed = 42
  set_cost_bbox = 5.0
[34m  set_cost_class = 2.0[0m
  set_cost_giou = 2.0
  start_epoch = 1
  track_attention = False
  track_backprop_prev_frame = False
[34m  track_prev_frame_range = 5[0m
  track_prev_frame_rnd_augs = 0.01
  track_prev_prev_frame = False
  track_query_false_negative_prob = 0.4
  track_query_false_positive_eos_weight = True
  track_query_false_positive_prob = 0.1
[34m  tracking = True[0m
  tracking_eval = True
[34m  train_split = 'mot17_train_coco'[0m
  val_interval = 5
[34m  val_split = 'mot17_train_cross_val_frame_0_5_to_1_0_coco'[0m
  vis_and_log_interval = 50
  vis_port = 8090
  vis_server = 'http://localhost:8097'
  weight_decay = 0.0001
  world_size = 4
  img_transform:
    max_size = 1333
    val_width = 800
| distributed init (rank 0): env://
git:
  sha: 6b00d6f42e8e785fb41ce611dfcb761d2fdc945c, status: clean, branch: main

| distributed init (rank 1): env://
| distributed init (rank 2): env://
